<?xml version="1.0" encoding="UTF-8"?>
<!-- Generated by org.testng.reporters.JUnitReportReporter -->
<testsuite hostname="DESKTOP-CV959B2" failures="0" tests="1" name="driverFactory.AdminLoginValidData" time="25.259" errors="0" timestamp="2025-04-09T12:52:47 IST" skipped="0">
  <testcase classname="driverFactory.AdminLoginValidData" name="startTest" time="25.259">
    <system-out>
      <![CDATA[No of rows are::7]]>
    </system-out>
  </testcase> <!-- startTest -->
  <system-out>
    <![CDATA[No of rows are::7
No of rows are::7]]>
  </system-out>
</testsuite> <!-- driverFactory.AdminLoginValidData -->
